-------------------------------------------------------------------------------
Test set: RoomReservationSystem.service.impl.EventServiceImplTest
-------------------------------------------------------------------------------
Tests run: 1, Failures: 0, Errors: 1, Skipped: 0, Time elapsed: 0.03 s <<< FAILURE! - in RoomReservationSystem.service.impl.EventServiceImplTest
testFindByUserName(RoomReservationSystem.service.impl.EventServiceImplTest)  Time elapsed: 0.005 s  <<< ERROR!
java.lang.ClassCastException: RoomReservationSystem.dto.EventDTO cannot be cast to RoomReservationSystem.model.reservation.Reservation
	at RoomReservationSystem.service.impl.EventServiceImplTest.testFindByUserName(EventServiceImplTest.java:70)

