<?xml version="1.0" encoding="UTF-8"?>
<testsuite xmlns:xsi="http://www.w3.org/2001/XMLSchema-instance" xsi:noNamespaceSchemaLocation="https://maven.apache.org/surefire/maven-surefire-plugin/xsd/surefire-test-report.xsd" name="RoomReservationSystem.service.impl.BuildingServiceImplTest" time="0.123" tests="14" errors="0" skipped="0" failures="0">
  <properties>
[...]
</properties>
  <testcase name="testUpdateException" classname="RoomReservationSystem.service.impl.BuildingServiceImplTest" time="0"/>
  <testcase name="testGetNames" classname="RoomReservationSystem.service.impl.BuildingServiceImplTest" time="0.039"/>
  <testcase name="testFindAll" classname="RoomReservationSystem.service.impl.BuildingServiceImplTest" time="0"/>
  <testcase name="testSave" classname="RoomReservationSystem.service.impl.BuildingServiceImplTest" time="0.016"/>
  <testcase name="testFindByName" classname="RoomReservationSystem.service.impl.BuildingServiceImplTest" time="0"/>
  <testcase name="testFindByIdException" classname="RoomReservationSystem.service.impl.BuildingServiceImplTest" time="0"/>
  <testcase name="testExistsById" classname="RoomReservationSystem.service.impl.BuildingServiceImplTest" time="0"/>
  <testcase name="testDeleteByName" classname="RoomReservationSystem.service.impl.BuildingServiceImplTest" time="0"/>
  <testcase name="testFindById" classname="RoomReservationSystem.service.impl.BuildingServiceImplTest" time="0"/>
  <testcase name="testFindByNameException" classname="RoomReservationSystem.service.impl.BuildingServiceImplTest" time="0"/>
  <testcase name="testExistsByName" classname="RoomReservationSystem.service.impl.BuildingServiceImplTest" time="0"/>
  <testcase name="testDeleteByNameException" classname="RoomReservationSystem.service.impl.BuildingServiceImplTest" time="0"/>
  <testcase name="testSaveException" classname="RoomReservationSystem.service.impl.BuildingServiceImplTest" time="0"/>
  <testcase name="testUpdate" classname="RoomReservationSystem.service.impl.BuildingServiceImplTest" time="0"/>
</testsuite>