<?xml version="1.0" encoding="UTF-8"?>
<testsuite xmlns:xsi="http://www.w3.org/2001/XMLSchema-instance" xsi:noNamespaceSchemaLocation="https://maven.apache.org/surefire/maven-surefire-plugin/xsd/surefire-test-report.xsd" name="RoomReservationSystem.service.impl.UserServiceImplTest" time="0.28" tests="11" errors="0" skipped="0" failures="0">
  <properties>
[...]
</properties>
  <testcase name="testLoadUserByUsername" classname="RoomReservationSystem.service.impl.UserServiceImplTest" time="0.17"/>
  <testcase name="testGetNames" classname="RoomReservationSystem.service.impl.UserServiceImplTest" time="0.001"/>
  <testcase name="testFindByUsernameException" classname="RoomReservationSystem.service.impl.UserServiceImplTest" time="0"/>
  <testcase name="testFindAll" classname="RoomReservationSystem.service.impl.UserServiceImplTest" time="0"/>
  <testcase name="testFindByName" classname="RoomReservationSystem.service.impl.UserServiceImplTest" time="0"/>
  <testcase name="testDeleteByUsername" classname="RoomReservationSystem.service.impl.UserServiceImplTest" time="0.001"/>
  <testcase name="testFindByUsername" classname="RoomReservationSystem.service.impl.UserServiceImplTest" time="0.003"/>
  <testcase name="testFindByEmail" classname="RoomReservationSystem.service.impl.UserServiceImplTest" time="0"/>
  <testcase name="testRegisterException" classname="RoomReservationSystem.service.impl.UserServiceImplTest" time="0"/>
  <testcase name="testFindByEmailException" classname="RoomReservationSystem.service.impl.UserServiceImplTest" time="0"/>
  <testcase name="testDeleteByUsernameException" classname="RoomReservationSystem.service.impl.UserServiceImplTest" time="0"/>
</testsuite>